{"/Users/omerbaig/Projects/sada-pay-assignment/src/portfolio.js": {"path":"/Users/omerbaig/Projects/sada-pay-assignment/src/portfolio.js","statementMap":{"0":{"start":{"line":3,"column":6},"end":{"line":7,"column":8}},"1":{"start":{"line":8,"column":6},"end":{"line":12,"column":8}},"2":{"start":{"line":13,"column":6},"end":{"line":17,"column":8}},"3":{"start":{"line":18,"column":6},"end":{"line":18,"column":28}},"4":{"start":{"line":22,"column":26},"end":{"line":22,"column":74}},"5":{"start":{"line":22,"column":58},"end":{"line":22,"column":70}},"6":{"start":{"line":23,"column":6},"end":{"line":23,"column":41}},"7":{"start":{"line":24,"column":6},"end":{"line":24,"column":39}},"8":{"start":{"line":25,"column":6},"end":{"line":25,"column":39}},"9":{"start":{"line":26,"column":6},"end":{"line":26,"column":63}},"10":{"start":{"line":27,"column":6},"end":{"line":27,"column":61}},"11":{"start":{"line":28,"column":6},"end":{"line":28,"column":61}},"12":{"start":{"line":32,"column":6},"end":{"line":32,"column":35}},"13":{"start":{"line":33,"column":6},"end":{"line":33,"column":33}},"14":{"start":{"line":34,"column":6},"end":{"line":34,"column":33}},"15":{"start":{"line":38,"column":6},"end":{"line":42,"column":8}},"16":{"start":{"line":46,"column":19},"end":{"line":46,"column":48}},"17":{"start":{"line":47,"column":26},"end":{"line":47,"column":49}},"18":{"start":{"line":48,"column":22},"end":{"line":52,"column":7}},"19":{"start":{"line":54,"column":6},"end":{"line":66,"column":7}},"20":{"start":{"line":54,"column":19},"end":{"line":54,"column":20}},"21":{"start":{"line":55,"column":8},"end":{"line":65,"column":9}},"22":{"start":{"line":56,"column":23},"end":{"line":56,"column":52}},"23":{"start":{"line":57,"column":10},"end":{"line":57,"column":95}},"24":{"start":{"line":58,"column":10},"end":{"line":58,"column":87}},"25":{"start":{"line":59,"column":10},"end":{"line":59,"column":87}},"26":{"start":{"line":60,"column":15},"end":{"line":65,"column":9}},"27":{"start":{"line":61,"column":25},"end":{"line":61,"column":54}},"28":{"start":{"line":62,"column":12},"end":{"line":62,"column":135}},"29":{"start":{"line":63,"column":12},"end":{"line":63,"column":123}},"30":{"start":{"line":64,"column":12},"end":{"line":64,"column":123}},"31":{"start":{"line":68,"column":6},"end":{"line":68,"column":21}},"32":{"start":{"line":72,"column":22},"end":{"line":72,"column":51}},"33":{"start":{"line":73,"column":26},"end":{"line":73,"column":142}},"34":{"start":{"line":75,"column":34},"end":{"line":79,"column":7}},"35":{"start":{"line":80,"column":6},"end":{"line":80,"column":33}}},"fnMap":{"0":{"name":"(anonymous_0)","decl":{"start":{"line":2,"column":4},"end":{"line":2,"column":5}},"loc":{"start":{"line":2,"column":18},"end":{"line":19,"column":5}},"line":2},"1":{"name":"(anonymous_1)","decl":{"start":{"line":21,"column":4},"end":{"line":21,"column":5}},"loc":{"start":{"line":21,"column":27},"end":{"line":29,"column":5}},"line":21},"2":{"name":"(anonymous_2)","decl":{"start":{"line":22,"column":41},"end":{"line":22,"column":42}},"loc":{"start":{"line":22,"column":58},"end":{"line":22,"column":70}},"line":22},"3":{"name":"(anonymous_3)","decl":{"start":{"line":31,"column":4},"end":{"line":31,"column":5}},"loc":{"start":{"line":31,"column":27},"end":{"line":35,"column":5}},"line":31},"4":{"name":"(anonymous_4)","decl":{"start":{"line":37,"column":4},"end":{"line":37,"column":5}},"loc":{"start":{"line":37,"column":36},"end":{"line":43,"column":5}},"line":37},"5":{"name":"(anonymous_5)","decl":{"start":{"line":45,"column":4},"end":{"line":45,"column":5}},"loc":{"start":{"line":45,"column":28},"end":{"line":69,"column":5}},"line":45},"6":{"name":"(anonymous_6)","decl":{"start":{"line":71,"column":4},"end":{"line":71,"column":5}},"loc":{"start":{"line":71,"column":25},"end":{"line":81,"column":5}},"line":71}},"branchMap":{"0":{"loc":{"start":{"line":55,"column":8},"end":{"line":65,"column":9}},"type":"if","locations":[{"start":{"line":55,"column":8},"end":{"line":65,"column":9}},{"start":{"line":60,"column":15},"end":{"line":65,"column":9}}],"line":55},"1":{"loc":{"start":{"line":55,"column":12},"end":{"line":55,"column":46}},"type":"binary-expr","locations":[{"start":{"line":55,"column":12},"end":{"line":55,"column":35}},{"start":{"line":55,"column":39},"end":{"line":55,"column":46}}],"line":55},"2":{"loc":{"start":{"line":60,"column":15},"end":{"line":65,"column":9}},"type":"if","locations":[{"start":{"line":60,"column":15},"end":{"line":65,"column":9}},{"start":{},"end":{}}],"line":60}},"s":{"0":6,"1":6,"2":6,"3":6,"4":1,"5":3,"6":1,"7":1,"8":1,"9":1,"10":1,"11":1,"12":1,"13":1,"14":1,"15":1,"16":2,"17":2,"18":2,"19":2,"20":2,"21":9,"22":2,"23":2,"24":2,"25":2,"26":7,"27":7,"28":7,"29":7,"30":7,"31":2,"32":1,"33":1,"34":1,"35":1},"f":{"0":6,"1":1,"2":3,"3":1,"4":1,"5":2,"6":1},"b":{"0":[2,7],"1":[9,9],"2":[7,0]},"_coverageSchema":"1a1c01bbd47fc00a2c39e90264f33305004495a9","hash":"2b5ee8e7e163d2f542ddde606c582615db987697"}
,"/Users/omerbaig/Projects/sada-pay-assignment/src/process-portfolio.js": {"path":"/Users/omerbaig/Projects/sada-pay-assignment/src/process-portfolio.js","statementMap":{"0":{"start":{"line":3,"column":4},"end":{"line":3,"column":31}},"1":{"start":{"line":7,"column":4},"end":{"line":40,"column":5}},"2":{"start":{"line":9,"column":24},"end":{"line":9,"column":40}},"3":{"start":{"line":10,"column":8},"end":{"line":10,"column":46}},"4":{"start":{"line":11,"column":8},"end":{"line":11,"column":14}},"5":{"start":{"line":14,"column":24},"end":{"line":14,"column":40}},"6":{"start":{"line":15,"column":8},"end":{"line":15,"column":46}},"7":{"start":{"line":16,"column":8},"end":{"line":16,"column":14}},"8":{"start":{"line":19,"column":22},"end":{"line":19,"column":78}},"9":{"start":{"line":19,"column":64},"end":{"line":19,"column":77}},"10":{"start":{"line":20,"column":22},"end":{"line":20,"column":43}},"11":{"start":{"line":21,"column":8},"end":{"line":21,"column":55}},"12":{"start":{"line":22,"column":8},"end":{"line":22,"column":14}},"13":{"start":{"line":25,"column":22},"end":{"line":25,"column":29}},"14":{"start":{"line":26,"column":24},"end":{"line":26,"column":62}},"15":{"start":{"line":27,"column":8},"end":{"line":27,"column":73}},"16":{"start":{"line":28,"column":8},"end":{"line":28,"column":14}},"17":{"start":{"line":31,"column":8},"end":{"line":36,"column":9}},"18":{"start":{"line":32,"column":10},"end":{"line":32,"column":42}},"19":{"start":{"line":34,"column":38},"end":{"line":34,"column":73}},"20":{"start":{"line":35,"column":10},"end":{"line":35,"column":111}},"21":{"start":{"line":37,"column":8},"end":{"line":37,"column":14}}},"fnMap":{"0":{"name":"(anonymous_0)","decl":{"start":{"line":2,"column":2},"end":{"line":2,"column":3}},"loc":{"start":{"line":2,"column":25},"end":{"line":4,"column":3}},"line":2},"1":{"name":"(anonymous_1)","decl":{"start":{"line":6,"column":2},"end":{"line":6,"column":3}},"loc":{"start":{"line":6,"column":25},"end":{"line":41,"column":3}},"line":6},"2":{"name":"(anonymous_2)","decl":{"start":{"line":19,"column":57},"end":{"line":19,"column":58}},"loc":{"start":{"line":19,"column":64},"end":{"line":19,"column":77}},"line":19}},"branchMap":{"0":{"loc":{"start":{"line":7,"column":4},"end":{"line":40,"column":5}},"type":"switch","locations":[{"start":{"line":8,"column":6},"end":{"line":12,"column":7}},{"start":{"line":13,"column":6},"end":{"line":17,"column":7}},{"start":{"line":18,"column":6},"end":{"line":23,"column":7}},{"start":{"line":24,"column":6},"end":{"line":29,"column":7}},{"start":{"line":30,"column":6},"end":{"line":38,"column":7}}],"line":7},"1":{"loc":{"start":{"line":31,"column":8},"end":{"line":36,"column":9}},"type":"if","locations":[{"start":{"line":31,"column":8},"end":{"line":36,"column":9}},{"start":{"line":33,"column":15},"end":{"line":36,"column":9}}],"line":31}},"s":{"0":7,"1":6,"2":1,"3":1,"4":1,"5":1,"6":1,"7":1,"8":1,"9":3,"10":1,"11":1,"12":1,"13":1,"14":1,"15":1,"16":1,"17":2,"18":1,"19":1,"20":1,"21":2},"f":{"0":7,"1":6,"2":3},"b":{"0":[1,1,1,1,2],"1":[1,1]},"_coverageSchema":"1a1c01bbd47fc00a2c39e90264f33305004495a9","hash":"2edcd8a1bff2e19f023dcb9f4dbf00f7250869fa"}
}
