TN:
SF:src/portfolio.js
FN:2,(anonymous_0)
FN:21,(anonymous_1)
FN:22,(anonymous_2)
FN:31,(anonymous_3)
FN:37,(anonymous_4)
FN:45,(anonymous_5)
FN:71,(anonymous_6)
FNF:7
FNH:7
FNDA:6,(anonymous_0)
FNDA:1,(anonymous_1)
FNDA:3,(anonymous_2)
FNDA:1,(anonymous_3)
FNDA:1,(anonymous_4)
FNDA:2,(anonymous_5)
FNDA:1,(anonymous_6)
DA:3,6
DA:8,6
DA:13,6
DA:18,6
DA:22,3
DA:23,1
DA:24,1
DA:25,1
DA:26,1
DA:27,1
DA:28,1
DA:32,1
DA:33,1
DA:34,1
DA:38,1
DA:46,2
DA:47,2
DA:48,2
DA:54,2
DA:55,9
DA:56,2
DA:57,2
DA:58,2
DA:59,2
DA:60,7
DA:61,7
DA:62,7
DA:63,7
DA:64,7
DA:68,2
DA:72,1
DA:73,1
DA:75,1
DA:80,1
LF:34
LH:34
BRDA:55,0,0,2
BRDA:55,0,1,7
BRDA:55,1,0,9
BRDA:55,1,1,9
BRDA:60,2,0,7
BRDA:60,2,1,0
BRF:6
BRH:5
end_of_record
TN:
SF:src/process-portfolio.js
FN:2,(anonymous_0)
FN:6,(anonymous_1)
FN:19,(anonymous_2)
FNF:3
FNH:3
FNDA:7,(anonymous_0)
FNDA:6,(anonymous_1)
FNDA:3,(anonymous_2)
DA:3,7
DA:7,6
DA:9,1
DA:10,1
DA:11,1
DA:14,1
DA:15,1
DA:16,1
DA:19,3
DA:20,1
DA:21,1
DA:22,1
DA:25,1
DA:26,1
DA:27,1
DA:28,1
DA:31,2
DA:32,1
DA:34,1
DA:35,1
DA:37,2
LF:21
LH:21
BRDA:7,0,0,1
BRDA:7,0,1,1
BRDA:7,0,2,1
BRDA:7,0,3,1
BRDA:7,0,4,2
BRDA:31,1,0,1
BRDA:31,1,1,1
BRF:7
BRH:7
end_of_record
